<?xml version="1.0" encoding="UTF-8"?>
<testsuite name="org.example.thread.ThreadLifeCycleTest" tests="1" skipped="1" failures="0" errors="0" timestamp="2023-08-30T15:30:17" hostname="LAPTOP-KC7HJPTO" time="1.532">
  <properties/>
  <testcase name="blocked()" classname="org.example.thread.ThreadLifeCycleTest" time="1.532">
    <skipped/>
  </testcase>
  <system-out><![CDATA[BLOCKED
]]></system-out>
  <system-err><![CDATA[]]></system-err>
</testsuite>
