<?xml version="1.0" encoding="UTF-8"?>
<testsuite name="org.example.list.ListExTest" tests="1" skipped="0" failures="0" errors="0" timestamp="2023-09-12T15:56:08" hostname="LAPTOP-KC7HJPTO" time="0.024">
  <properties/>
  <testcase name="list()" classname="org.example.list.ListExTest" time="0.024"/>
  <system-out><![CDATA[list1 = [aaa]
list2 = []
list3 = [bbb]
]]></system-out>
  <system-err><![CDATA[]]></system-err>
</testsuite>
