<?xml version="1.0" encoding="UTF-8"?>
<testsuite name="org.example.thread.SingleMultiThreadTest" tests="2" skipped="0" failures="0" errors="0" timestamp="2023-09-12T15:56:08" hostname="LAPTOP-KC7HJPTO" time="0.013">
  <properties/>
  <testcase name="multiThreadTest()" classname="org.example.thread.SingleMultiThreadTest" time="0.009"/>
  <testcase name="singleThreadTest()" classname="org.example.thread.SingleMultiThreadTest" time="0.004"/>
  <system-out><![CDATA[------------------------------------------------------------------------------------------------------------------------------------------------------------------------------------------------------------------------------------------------------------------------------------------------------------소요시간1:4
||||||||||||||||||||||||||||||||||||||||||||||||||||||||||||||||||||||||||||||||||||||||||||||||||||||||||||||||||||||||||||||||||||||||||||||||||||||||||||||||||||||||||||||||||||||||||||||||||||||||||||||||||||||||||||||||||||||||||||||||||||||||||||||||||||||||||||||||||||||||||||||||||||||||||||소요시간2:4
------------------------------------------------------------------------------------------------------------------------------------------------------------------------------------------------------------------------------------------------------------------------------------------------------------소요시간1:2
||||||||||||||||||||||||||||||||||||||||||||||||||||||||||||||||||||||||||||||||||||||||||||||||||||||||||||||||||||||||||||||||||||||||||||||||||||||||||||||||||||||||||||||||||||||||||||||||||||||||||||||||||||||||||||||||||||||||||||||||||||||||||||||||||||||||||||||||||||||||||||||||||||||||||||소요시간2:3
]]></system-out>
  <system-err><![CDATA[]]></system-err>
</testsuite>
