<?xml version="1.0" encoding="UTF-8"?>
<testsuite name="org.example.testdoubles.OrderTest" tests="2" skipped="0" failures="0" errors="0" timestamp="2023-09-12T15:56:08" hostname="LAPTOP-KC7HJPTO" time="0.076">
  <properties/>
  <testcase name="check()" classname="org.example.testdoubles.OrderTest" time="0.001"/>
  <testcase name="order()" classname="org.example.testdoubles.OrderTest" time="0.074"/>
  <system-out><![CDATA[aaa : bbb
]]></system-out>
  <system-err><![CDATA[]]></system-err>
</testsuite>
