<?xml version="1.0" encoding="UTF-8"?>
<testsuite name="org.example.UUIDTest" tests="1" skipped="0" failures="0" errors="0" timestamp="2023-09-08T01:29:49" hostname="cpe-172-90-1-202.socal.res.rr.com" time="0.009">
  <properties/>
  <testcase name="test()" classname="org.example.UUIDTest" time="0.009"/>
  <system-out><![CDATA[uuid = d9930a0c405046a886c6333bf5f395a1
uuid = a91716a3197a44b9bbdd29a80a792b1a
uuid = 49f8330e4b974a7f94498289b0be386d
uuid = c4a37a7fb6194b1e9901a031885cf5c6
uuid = 8f3547203dd84cdd81598f87e5becfce
uuid = eaeb6d457b434750a9c5555a18c2e962
uuid = 9740f10c94ee4eea8be1613ed3535fd7
uuid = eebb59b156d84dbe8eea1801b2b75175
uuid = 3978de7a83a14fb18958e8f8d95f7a1c
uuid = 6b3e60d847c4483ea800984f9c79dab4
uuid = ceb60cdaf2814c05bca6a55f93d5cf5b
uuid = 426394803a5247f397ea828c8a8bee70
uuid = 464e36047c1c46d3a652eae896bca734
uuid = 40284176b6454826906e5325923192a5
uuid = 05ddbadc4aeb42f3aad05d54d8ead9ec
uuid = df03d469bbb242b4b27dde73150de412
uuid = 9ec746b1370e4de89042198b719e62db
uuid = 14c841bd52874dd4b16891b1874a7a60
uuid = eba770204c6d495582c119147de63844
uuid = 8782d693356b4e3d9565626b16d0a523
uuid = f9e52d0138a04465b81c263d985a8eb4
uuid = 9dbf05c2932b405490badd8581fdd49c
uuid = 7b1e242000a14335be692d9ac94e22a0
uuid = 96156b140e3c41c5ad024207ac83d1dd
uuid = d0165361a2bc40958576fb4f95489ca0
uuid = 1243067190ca45f7ad8fa074f8bb3081
uuid = e4bb9dce4cc84f4d98d712d0670cc852
uuid = 5ec2d09c33bb4d68947c256b876c10b4
uuid = 2a2178128c8d4cbb806d13ce8fbd3559
uuid = d6f5a27a1fb642898815bcff506a6e82
uuid = 4d4e27d01c084807873ce5a66173828b
uuid = 1f02787c51114220b797f65db08f849f
uuid = fba1922a67114e65b17f772457c9821b
uuid = c7c3160b9fdc4048b5715e2b87146ae0
uuid = 35f9faf7062a4d8c9122eb4167b1de07
uuid = 692ae9fad76d4e92b025c8f1f72171b5
uuid = 68ce6768285446bdac2430e08d0f9d2a
uuid = 445a5138425845109b0eb4d9f9cbbb2d
uuid = 09fec5e14cbc427d987f5aed5f35d357
uuid = 3505eec226cc41dba8e2c6944d66246b
uuid = 3f14dd7dfe474cc384920b66264e8ec8
]]></system-out>
  <system-err><![CDATA[]]></system-err>
</testsuite>
